Using pre-set license
Built from '2020.2/staging' branch; Version is '2020.2.3f1 (8ff31bc5bf5b) revision 9433883'; Using compiler version '192528614'; Build Type 'Release'
OS: 'Windows 10 Pro Education; OS build 18363.1556; Version 1909; 64bit' Language: 'en' Physical Memory: 16339 MB
BatchMode: 1, IsHumanControllingUs: 0, StartBugReporterOnCrash: 0, Is64bit: 1, IsPro: 0

 COMMAND LINE ARGUMENTS:
D:\Unity\Hub\Editor\2020.2.3f1\Editor\Unity.exe
-adb2
-batchMode
-noUpm
-name
AssetImportWorker0
-projectPath
D:/Projects/Archer
-logFile
Logs/AssetImportWorker0.log
-srvPort
58226
Successfully changed project path to: D:/Projects/Archer
D:/Projects/Archer
Using Asset Import Pipeline V2.
Refreshing native plugins compatible for Editor in 53.14 ms, found 1 plugins.
Preloading 0 native plugins for Editor in 0.00 ms.
Initialize engine version: 2020.2.3f1 (8ff31bc5bf5b)
[Subsystems] Discovering subsystems at path D:/Unity/Hub/Editor/2020.2.3f1/Editor/Data/Resources/UnitySubsystems
[Subsystems] Discovering subsystems at path D:/Projects/Archer/Assets
GfxDevice: creating device client; threaded=0
Direct3D:
    Version:  Direct3D 11.0 [level 11.1]
    Renderer: NVIDIA GeForce RTX 2070 (ID=0x1f02)
    Vendor:   
    VRAM:     8031 MB
    Driver:   30.0.14.9709
Initialize mono
Mono path[0] = 'D:/Unity/Hub/Editor/2020.2.3f1/Editor/Data/Managed'
Mono path[1] = 'D:/Unity/Hub/Editor/2020.2.3f1/Editor/Data/MonoBleedingEdge/lib/mono/unityjit'
Mono config path = 'D:/Unity/Hub/Editor/2020.2.3f1/Editor/Data/MonoBleedingEdge/etc'
Using monoOptions --debugger-agent=transport=dt_socket,embedding=1,server=y,suspend=n,address=127.0.0.1:56340
Begin MonoManager ReloadAssembly
Registering precompiled unity dll's ...
Register platform support module: D:/Unity/Hub/Editor/2020.2.3f1/Editor/Data/PlaybackEngines/WindowsStandaloneSupport/UnityEditor.WindowsStandalone.Extensions.dll
Registered in 0.001242 seconds.
Native extension for WindowsStandalone target not found
Refreshing native plugins compatible for Editor in 45.98 ms, found 1 plugins.
Preloading 0 native plugins for Editor in 0.00 ms.
Invoked RoslynAnalysisRunner static constructor.
RoslynAnalysisRunner will not be running.
RoslynAnalysisRunner has terminated.
Mono: successfully reloaded assembly
- Completed reload, in  1.951 seconds
Platform modules already initialized, skipping
Registering precompiled user dll's ...
Registered in 0.000846 seconds.
Begin MonoManager ReloadAssembly
Native extension for WindowsStandalone target not found
Refreshing native plugins compatible for Editor in 47.45 ms, found 1 plugins.
Preloading 0 native plugins for Editor in 0.00 ms.
Invoked RoslynAnalysisRunner static constructor.
RoslynAnalysisRunner will not be running.
RoslynAnalysisRunner has terminated.
Mono: successfully reloaded assembly
- Completed reload, in  1.105 seconds
Platform modules already initialized, skipping
========================================================================
Worker process is ready to serve import requests
Launched and connected shader compiler UnityShaderCompiler.exe after 0.13 seconds
Refreshing native plugins compatible for Editor in 0.37 ms, found 1 plugins.
Preloading 0 native plugins for Editor in 0.00 ms.
Unloading 1840 Unused Serialized files (Serialized files now loaded: 0)
System memory in use before: 85.6 MB.
System memory in use after: 85.6 MB.

Unloading 24 unused Assets to reduce memory usage. Loaded Objects now: 2284.
Total: 2.768700 ms (FindLiveObjects: 0.190100 ms CreateObjectMapping: 0.073500 ms MarkObjects: 2.331000 ms  DeleteObjects: 0.172700 ms)

========================================================================
Received Import Request.
  path: Assets/Data/Weapons/Auto.asset
  artifactKey: Guid(215d3ad5197e5e044ae57b466013971e) Importer(815301076,1909f56bfc062723c751e8b465ee728b)
Start importing Assets/Data/Weapons/Auto.asset using Guid(215d3ad5197e5e044ae57b466013971e) Importer(815301076,1909f56bfc062723c751e8b465ee728b)  -> (artifact id: 'ae66303d51b24ebedc9f6d27611dd960') in 0.112730 seconds
  Import took 0.145810 seconds .

========================================================================
Received Import Request.
  Time since last request: 0.000816 seconds.
  path: Assets/Data/Weapons/Auto.asset
  artifactKey: Guid(215d3ad5197e5e044ae57b466013971e) Importer(815301076,1909f56bfc062723c751e8b465ee728b)
Start importing Assets/Data/Weapons/Auto.asset using Guid(215d3ad5197e5e044ae57b466013971e) Importer(815301076,1909f56bfc062723c751e8b465ee728b)  -> (artifact id: 'ae66303d51b24ebedc9f6d27611dd960') in 0.008789 seconds
  Import took 0.013393 seconds .

========================================================================
Received Prepare
Registering precompiled user dll's ...
Registered in 0.000905 seconds.
Begin MonoManager ReloadAssembly
Native extension for WindowsStandalone target not found
Refreshing native plugins compatible for Editor in 0.37 ms, found 1 plugins.
Preloading 0 native plugins for Editor in 0.00 ms.
Invoked RoslynAnalysisRunner static constructor.
RoslynAnalysisRunner will not be running.
RoslynAnalysisRunner has terminated.
Mono: successfully reloaded assembly
- Completed reload, in  0.972 seconds
Platform modules already initialized, skipping
Switching build target platform(5) subTarget(0) extendedPlatform(0) -> platform(13) subTarget(537395200) extendedPlatform(0)
Refreshing native plugins compatible for Editor in 0.37 ms, found 1 plugins.
Preloading 0 native plugins for Editor in 0.00 ms.
Unloading 1838 Unused Serialized files (Serialized files now loaded: 0)
System memory in use before: 85.6 MB.
System memory in use after: 85.6 MB.

Unloading 12 unused Assets to reduce memory usage. Loaded Objects now: 2287.
Total: 2.259200 ms (FindLiveObjects: 0.219800 ms CreateObjectMapping: 0.094900 ms MarkObjects: 1.832200 ms  DeleteObjects: 0.111000 ms)

AssetImportParameters requested are different than current active one (requested -> active):
  custom:graphics/normal-map-encoding: 01000000000000000000000000000000 -> 02000000000000000000000000000000
========================================================================
Received Import Request.
  Time since last request: 40.476743 seconds.
  path: Assets/Prefabs/Enemy1.prefab
  artifactKey: Guid(23a1d547dbcfa7d4e925faeb5915fe90) Importer(815301076,1909f56bfc062723c751e8b465ee728b)
Start importing Assets/Prefabs/Enemy1.prefab using Guid(23a1d547dbcfa7d4e925faeb5915fe90) Importer(815301076,1909f56bfc062723c751e8b465ee728b)  -> (artifact id: '58ff24ccdbc8e7b6f0c976a3e3a25865') in 0.259381 seconds
  Import took 0.276312 seconds .

========================================================================
Received Import Request.
  Time since last request: 8.418447 seconds.
  path: Assets/Prefabs/Enemy2.prefab
  artifactKey: Guid(b8193fc95d08fe241b6bfdcc37cb9764) Importer(815301076,1909f56bfc062723c751e8b465ee728b)
Start importing Assets/Prefabs/Enemy2.prefab using Guid(b8193fc95d08fe241b6bfdcc37cb9764) Importer(815301076,1909f56bfc062723c751e8b465ee728b)  -> (artifact id: 'cb01cee1dc9b35fe0cb43228d745310c') in 0.016317 seconds
  Import took 0.042180 seconds .

========================================================================
Received Import Request.
  Time since last request: 6.480209 seconds.
  path: Assets/Prefabs/Enemy2.prefab
  artifactKey: Guid(b8193fc95d08fe241b6bfdcc37cb9764) Importer(815301076,1909f56bfc062723c751e8b465ee728b)
Start importing Assets/Prefabs/Enemy2.prefab using Guid(b8193fc95d08fe241b6bfdcc37cb9764) Importer(815301076,1909f56bfc062723c751e8b465ee728b)  -> (artifact id: '084c965062c1da4f48dac7f535797ac3') in 0.009758 seconds
  Import took 0.021711 seconds .

========================================================================
Received Import Request.
  Time since last request: 1.609010 seconds.
  path: Assets/Prefabs/Enemy2.prefab
  artifactKey: Guid(b8193fc95d08fe241b6bfdcc37cb9764) Importer(815301076,1909f56bfc062723c751e8b465ee728b)
Start importing Assets/Prefabs/Enemy2.prefab using Guid(b8193fc95d08fe241b6bfdcc37cb9764) Importer(815301076,1909f56bfc062723c751e8b465ee728b)  -> (artifact id: '932a5f2324184ab0cc53ef8abf7694aa') in 0.013030 seconds
  Import took 0.046606 seconds .

========================================================================
Received Import Request.
  Time since last request: 2.195946 seconds.
  path: Assets/Prefabs/Enemy2.prefab
  artifactKey: Guid(b8193fc95d08fe241b6bfdcc37cb9764) Importer(815301076,1909f56bfc062723c751e8b465ee728b)
Start importing Assets/Prefabs/Enemy2.prefab using Guid(b8193fc95d08fe241b6bfdcc37cb9764) Importer(815301076,1909f56bfc062723c751e8b465ee728b)  -> (artifact id: 'f6eb3e0cff605ab3ce088e6cb6e4f011') in 0.014464 seconds
  Import took 0.019482 seconds .

========================================================================
Received Import Request.
  Time since last request: 2.225600 seconds.
  path: Assets/Prefabs/Enemy2.prefab
  artifactKey: Guid(b8193fc95d08fe241b6bfdcc37cb9764) Importer(815301076,1909f56bfc062723c751e8b465ee728b)
Start importing Assets/Prefabs/Enemy2.prefab using Guid(b8193fc95d08fe241b6bfdcc37cb9764) Importer(815301076,1909f56bfc062723c751e8b465ee728b)  -> (artifact id: '32c10c25865e97be78e2001a8e862157') in 0.016333 seconds
  Import took 0.032461 seconds .

========================================================================
Received Prepare
Registering precompiled user dll's ...
Registered in 0.000891 seconds.
Begin MonoManager ReloadAssembly
Native extension for WindowsStandalone target not found
Refreshing native plugins compatible for Editor in 0.37 ms, found 1 plugins.
Preloading 0 native plugins for Editor in 0.00 ms.
Invoked RoslynAnalysisRunner static constructor.
RoslynAnalysisRunner will not be running.
RoslynAnalysisRunner has terminated.
Mono: successfully reloaded assembly
- Completed reload, in  0.941 seconds
Platform modules already initialized, skipping
Switching build target platform(5) subTarget(0) extendedPlatform(0) -> platform(13) subTarget(537395200) extendedPlatform(0)
Refreshing native plugins compatible for Editor in 0.37 ms, found 1 plugins.
Preloading 0 native plugins for Editor in 0.00 ms.
Unloading 1838 Unused Serialized files (Serialized files now loaded: 0)
System memory in use before: 88.7 MB.
System memory in use after: 88.7 MB.

Unloading 12 unused Assets to reduce memory usage. Loaded Objects now: 2297.
Total: 2.288100 ms (FindLiveObjects: 0.222200 ms CreateObjectMapping: 0.079400 ms MarkObjects: 1.838100 ms  DeleteObjects: 0.147400 ms)

AssetImportParameters requested are different than current active one (requested -> active):
  custom:graphics/normal-map-encoding: 01000000000000000000000000000000 -> 02000000000000000000000000000000
========================================================================
Received Import Request.
  Time since last request: 65.490996 seconds.
  path: Assets/Animation/Coin.controller
  artifactKey: Guid(5a7a8d89983eb374ab0e610fd8920948) Importer(815301076,1909f56bfc062723c751e8b465ee728b)
Start importing Assets/Animation/Coin.controller using Guid(5a7a8d89983eb374ab0e610fd8920948) Importer(815301076,1909f56bfc062723c751e8b465ee728b)  -> (artifact id: '1bf68cf236c5a435e163fbfaba95ea92') in 0.023939 seconds
  Import took 0.045519 seconds .

========================================================================
Received Prepare
Registering precompiled user dll's ...
Registered in 0.002569 seconds.
Begin MonoManager ReloadAssembly
Native extension for WindowsStandalone target not found
Refreshing native plugins compatible for Editor in 0.43 ms, found 1 plugins.
Preloading 0 native plugins for Editor in 0.00 ms.
Invoked RoslynAnalysisRunner static constructor.
RoslynAnalysisRunner will not be running.
RoslynAnalysisRunner has terminated.
Mono: successfully reloaded assembly
- Completed reload, in  1.046 seconds
Platform modules already initialized, skipping
Switching build target platform(5) subTarget(0) extendedPlatform(0) -> platform(13) subTarget(537395200) extendedPlatform(0)
Refreshing native plugins compatible for Editor in 0.47 ms, found 1 plugins.
Preloading 0 native plugins for Editor in 0.00 ms.
Unloading 1838 Unused Serialized files (Serialized files now loaded: 0)
System memory in use before: 88.7 MB.
System memory in use after: 88.7 MB.

Unloading 12 unused Assets to reduce memory usage. Loaded Objects now: 2300.
Total: 3.698300 ms (FindLiveObjects: 0.210400 ms CreateObjectMapping: 0.073000 ms MarkObjects: 3.262000 ms  DeleteObjects: 0.151800 ms)

AssetImportParameters requested are different than current active one (requested -> active):
  custom:graphics/normal-map-encoding: 01000000000000000000000000000000 -> 02000000000000000000000000000000
========================================================================
Received Import Request.
  Time since last request: 99.253118 seconds.
  path: Assets/Brackeys/2D Mega Pack/Effects/Explosion.png
  artifactKey: Guid(947c0cbf176869a45b7fd547776a2b0c) Importer(815301076,1909f56bfc062723c751e8b465ee728b)
Start importing Assets/Brackeys/2D Mega Pack/Effects/Explosion.png using Guid(947c0cbf176869a45b7fd547776a2b0c) Importer(815301076,1909f56bfc062723c751e8b465ee728b)  -> (artifact id: 'b228cc5d91b6ccae03fbd5a3d2e7fb68') in 0.135045 seconds
  Import took 0.138442 seconds .

========================================================================
Received Import Request.
  Time since last request: 0.000370 seconds.
  path: Assets/Brackeys/2D Mega Pack/Effects/Muzzleflash3.png
  artifactKey: Guid(729dd7a288cc6af4cac0edf25f4af631) Importer(815301076,1909f56bfc062723c751e8b465ee728b)
Start importing Assets/Brackeys/2D Mega Pack/Effects/Muzzleflash3.png using Guid(729dd7a288cc6af4cac0edf25f4af631) Importer(815301076,1909f56bfc062723c751e8b465ee728b)  -> (artifact id: '05ed48e80f3005466dcf26614f6dbe2b') in 0.016635 seconds
  Import took 0.034868 seconds .

========================================================================
Received Import Request.
  Time since last request: 0.000323 seconds.
  path: Assets/Brackeys/2D Mega Pack/Effects/Fireball.png
  artifactKey: Guid(5ff9fd1dfa3921644a587a08e82b9e1c) Importer(815301076,1909f56bfc062723c751e8b465ee728b)
Start importing Assets/Brackeys/2D Mega Pack/Effects/Fireball.png using Guid(5ff9fd1dfa3921644a587a08e82b9e1c) Importer(815301076,1909f56bfc062723c751e8b465ee728b)  -> (artifact id: 'f484a177ceff440ce5c3b5ec1a769f1e') in 0.025752 seconds
  Import took 0.037893 seconds .

========================================================================
Received Import Request.
  Time since last request: 0.000301 seconds.
  path: Assets/Brackeys/2D Mega Pack/Effects/Muzzleflash1.png
  artifactKey: Guid(537061d6ab4addf439f918145d65123e) Importer(815301076,1909f56bfc062723c751e8b465ee728b)
Start importing Assets/Brackeys/2D Mega Pack/Effects/Muzzleflash1.png using Guid(537061d6ab4addf439f918145d65123e) Importer(815301076,1909f56bfc062723c751e8b465ee728b)  -> (artifact id: 'a396af5756660cd3340f0b574d419e30') in 0.022465 seconds
  Import took 0.035844 seconds .

========================================================================
Received Import Request.
  Time since last request: 0.000347 seconds.
  path: Assets/Brackeys/2D Mega Pack/Effects/PixelParticle.png
  artifactKey: Guid(20cc7aa77cf0c554eaf57b9dfce35c24) Importer(815301076,1909f56bfc062723c751e8b465ee728b)
Start importing Assets/Brackeys/2D Mega Pack/Effects/PixelParticle.png using Guid(20cc7aa77cf0c554eaf57b9dfce35c24) Importer(815301076,1909f56bfc062723c751e8b465ee728b)  -> (artifact id: '039aa297912cb000b6041a67ac533add') in 0.018861 seconds
  Import took 0.022429 seconds .

========================================================================
Received Import Request.
  Time since last request: 0.000407 seconds.
  path: Assets/Brackeys/2D Mega Pack/Effects/Muzzleflash2.png
  artifactKey: Guid(8dc86788c2b5b6f4c8c37280a947161a) Importer(815301076,1909f56bfc062723c751e8b465ee728b)
Start importing Assets/Brackeys/2D Mega Pack/Effects/Muzzleflash2.png using Guid(8dc86788c2b5b6f4c8c37280a947161a) Importer(815301076,1909f56bfc062723c751e8b465ee728b)  -> (artifact id: 'f6383b6bdf141df3fdbff57b6d3491c4') in 0.015487 seconds
  Import took 0.018896 seconds .

========================================================================
Received Prepare
Registering precompiled user dll's ...
Registered in 0.000916 seconds.
Begin MonoManager ReloadAssembly
Native extension for WindowsStandalone target not found
Refreshing native plugins compatible for Editor in 0.40 ms, found 1 plugins.
Preloading 0 native plugins for Editor in 0.00 ms.
Invoked RoslynAnalysisRunner static constructor.
RoslynAnalysisRunner will not be running.
RoslynAnalysisRunner has terminated.
Mono: successfully reloaded assembly
- Completed reload, in  0.960 seconds
Platform modules already initialized, skipping
Switching build target platform(5) subTarget(0) extendedPlatform(0) -> platform(13) subTarget(537395200) extendedPlatform(0)
Refreshing native plugins compatible for Editor in 0.40 ms, found 1 plugins.
Preloading 0 native plugins for Editor in 0.00 ms.
Unloading 1838 Unused Serialized files (Serialized files now loaded: 0)
System memory in use before: 88.8 MB.
System memory in use after: 88.8 MB.

Unloading 12 unused Assets to reduce memory usage. Loaded Objects now: 2325.
Total: 2.864700 ms (FindLiveObjects: 0.481900 ms CreateObjectMapping: 0.147700 ms MarkObjects: 2.020000 ms  DeleteObjects: 0.213400 ms)

AssetImportParameters requested are different than current active one (requested -> active):
  custom:graphics/normal-map-encoding: 01000000000000000000000000000000 -> 02000000000000000000000000000000
========================================================================
Received Import Request.
  Time since last request: 9.468546 seconds.
  path: Assets/Brackeys/2D Mega Pack/Effects/Animation
  artifactKey: Guid(28511bfa265f55f408f709b0150288b7) Importer(815301076,1909f56bfc062723c751e8b465ee728b)
Start importing Assets/Brackeys/2D Mega Pack/Effects/Animation using Guid(28511bfa265f55f408f709b0150288b7) Importer(815301076,1909f56bfc062723c751e8b465ee728b)  -> (artifact id: 'cd2038a4376b910b79724bfd5deff6a8') in 0.011536 seconds
  Import took 0.014892 seconds .

